<?xml version="1.0" encoding="UTF-8"?>
<!-- Generated by org.testng.reporters.JUnitReportReporter -->
<testsuite hostname="SASI-laptop" failures="0" tests="5" name="tests.ProductTest" time="36.091" errors="0" timestamp="2025-09-09T11:53:04 IST" skipped="0">
  <testcase classname="tests.ProductTest" name="testViewProductDetails" time="7.212"/>
  <testcase classname="tests.ProductTest" name="testAddConfigurableProductToCart" time="8.789"/>
  <testcase classname="tests.ProductTest" name="testAddSimpleProductToCartFromCategory" time="8.789"/>
  <testcase classname="tests.ProductTest" name="testProductSearchFunctionality" time="6.046"/>
  <testcase classname="tests.ProductTest" name="testProductFilterFunctionality" time="5.255"/>
</testsuite> <!-- tests.ProductTest -->
