<?xml version="1.0" encoding="UTF-8"?>
<!-- Generated by org.testng.reporters.JUnitReportReporter -->
<testsuite hostname="SASI-laptop" failures="0" tests="3" name="tests.LoginTest" time="22.135" errors="0" timestamp="2025-09-08T04:14:52 IST" skipped="0">
  <testcase classname="tests.LoginTest" name="testUserLoginWithValidCredentials" time="6.330"/>
  <testcase classname="tests.LoginTest" name="testUserLoginWithInvalidCredentials" time="5.733"/>
  <testcase classname="tests.LoginTest" name="testUserLogout" time="10.072"/>
</testsuite> <!-- tests.LoginTest -->
