<?xml version="1.0" encoding="UTF-8"?>
<!-- Generated by org.testng.reporters.JUnitReportReporter -->
<testsuite hostname="SASI-laptop" failures="0" tests="5" name="tests.RegisterTest" time="31.178" errors="0" timestamp="2025-09-09T12:57:36 IST" skipped="0">
  <testcase classname="tests.RegisterTest" name="testUserRegistrationWithValidCredentials" time="8.994"/>
  <testcase classname="tests.RegisterTest" name="testUserRegistrationWithExistingEmail" time="6.624"/>
  <testcase classname="tests.RegisterTest" name="testUserRegistrationWithPasswordMismatch" time="5.500"/>
  <testcase classname="tests.RegisterTest" name="testUserRegistrationWithWeakPassword" time="5.748"/>
  <testcase classname="tests.RegisterTest" name="testUserRegistrationWithEmptyFields" time="4.312"/>
</testsuite> <!-- tests.RegisterTest -->
