<?xml version="1.0" encoding="UTF-8"?>
<!-- Generated by org.testng.reporters.JUnitReportReporter -->
<testsuite hostname="SASI-laptop" failures="0" tests="1" name="tests.CartTest" time="26.800" errors="0" timestamp="2025-09-09T12:57:36 IST" skipped="0">
  <testcase classname="tests.CartTest" name="testProceedToCheckoutFromCart" time="26.800"/>
</testsuite> <!-- tests.CartTest -->
