<?xml version="1.0" encoding="UTF-8"?>
<!-- Generated by org.testng.reporters.JUnitReportReporter -->
<testsuite hostname="SASI-laptop" failures="0" tests="6" name="runner.TestRunner" time="82.202" errors="0" timestamp="2025-09-09T11:53:04 IST" skipped="0">
  <testcase classname="runner.TestRunner" name="runScenario" time="20.904"/>
  <testcase classname="runner.TestRunner" name="runScenario" time="11.569"/>
  <testcase classname="runner.TestRunner" name="runScenario" time="14.258"/>
  <testcase classname="runner.TestRunner" name="runScenario" time="13.490"/>
  <testcase classname="runner.TestRunner" name="runScenario" time="11.092"/>
  <testcase classname="runner.TestRunner" name="runScenario" time="10.889"/>
</testsuite> <!-- runner.TestRunner -->
