<?xml version="1.0" encoding="UTF-8"?>
<!-- Generated by org.testng.reporters.JUnitReportReporter -->
<testsuite hostname="SASI-laptop" failures="0" tests="5" name="tests.ProductTest" time="29.368" errors="0" timestamp="2025-09-09T12:57:36 IST" skipped="0">
  <testcase classname="tests.ProductTest" name="testViewProductDetails" time="4.962"/>
  <testcase classname="tests.ProductTest" name="testAddConfigurableProductToCart" time="6.293"/>
  <testcase classname="tests.ProductTest" name="testAddSimpleProductToCartFromCategory" time="6.748"/>
  <testcase classname="tests.ProductTest" name="testProductSearchFunctionality" time="6.180"/>
  <testcase classname="tests.ProductTest" name="testProductFilterFunctionality" time="5.185"/>
</testsuite> <!-- tests.ProductTest -->
