<?xml version="1.0" encoding="UTF-8"?>
<!-- Generated by org.testng.reporters.JUnitReportReporter -->
<testsuite hostname="SASI-laptop" failures="0" tests="3" name="tests.ProductTest" time="16.963" errors="0" timestamp="2025-09-08T04:14:52 IST" skipped="0">
  <testcase classname="tests.ProductTest" name="testViewProductDetails" time="4.032"/>
  <testcase classname="tests.ProductTest" name="testAddConfigurableProductToCart" time="5.828"/>
  <testcase classname="tests.ProductTest" name="testAddSimpleProductToCartFromCategory" time="7.103"/>
</testsuite> <!-- tests.ProductTest -->
