<?xml version="1.0" encoding="UTF-8"?>
<!-- Generated by org.testng.reporters.JUnitReportReporter -->
<testsuite hostname="SASI-laptop" failures="0" tests="1" name="tests.CartTest" time="12.036" errors="0" timestamp="2025-09-09T11:53:04 IST" skipped="0">
  <testcase classname="tests.CartTest" name="testProceedToCheckoutFromCart" time="12.036"/>
</testsuite> <!-- tests.CartTest -->
