<?xml version="1.0" encoding="UTF-8"?>
<!-- Generated by org.testng.reporters.JUnitReportReporter -->
<testsuite hostname="SASI-laptop" failures="0" tests="5" name="tests.LoginTest" time="34.958" errors="0" timestamp="2025-09-09T11:53:04 IST" skipped="0">
  <testcase classname="tests.LoginTest" name="testUserLoginWithValidCredentials" time="10.328"/>
  <testcase classname="tests.LoginTest" name="testUserLoginWithInvalidCredentials" time="6.147"/>
  <testcase classname="tests.LoginTest" name="testUserLogout" time="6.983"/>
  <testcase classname="tests.LoginTest" name="testLoginWithEmptyCredentials" time="6.425"/>
  <testcase classname="tests.LoginTest" name="testLoginWithEmptyPassword" time="5.075"/>
</testsuite> <!-- tests.LoginTest -->
