<?xml version="1.0" encoding="UTF-8"?>
<!-- Generated by org.testng.reporters.JUnitReportReporter -->
<testsuite hostname="SASI-laptop" failures="0" tests="5" name="tests.RegisterTest" time="40.664" errors="0" timestamp="2025-09-09T11:53:04 IST" skipped="0">
  <testcase classname="tests.RegisterTest" name="testUserRegistrationWithValidCredentials" time="7.980"/>
  <testcase classname="tests.RegisterTest" name="testUserRegistrationWithExistingEmail" time="9.779"/>
  <testcase classname="tests.RegisterTest" name="testUserRegistrationWithPasswordMismatch" time="6.170"/>
  <testcase classname="tests.RegisterTest" name="testUserRegistrationWithWeakPassword" time="9.209"/>
  <testcase classname="tests.RegisterTest" name="testUserRegistrationWithEmptyFields" time="7.526"/>
</testsuite> <!-- tests.RegisterTest -->
