<?xml version="1.0" encoding="UTF-8"?>
<!-- Generated by org.testng.reporters.JUnitReportReporter -->
<testsuite hostname="SASI-laptop" failures="0" tests="1" name="com.nopcommerce.AppTest" time="0.000" errors="0" timestamp="2025-09-08T04:14:52 IST" skipped="0">
  <testcase classname="com.nopcommerce.AppTest" name="testApp" time="0.000"/>
</testsuite> <!-- com.nopcommerce.AppTest -->
