<?xml version="1.0" encoding="UTF-8"?>
<!-- Generated by org.testng.reporters.JUnitReportReporter -->
<testsuite hostname="SASI-laptop" failures="0" tests="3" name="tests.ProductTest" time="20.569" errors="0" timestamp="2025-09-08T04:22:57 IST" skipped="0">
  <testcase classname="tests.ProductTest" name="testViewProductDetails" time="4.534"/>
  <testcase classname="tests.ProductTest" name="testAddConfigurableProductToCart" time="8.636"/>
  <testcase classname="tests.ProductTest" name="testAddSimpleProductToCartFromCategory" time="7.399"/>
</testsuite> <!-- tests.ProductTest -->
