<?xml version="1.0" encoding="UTF-8"?>
<!-- Generated by org.testng.reporters.JUnitReportReporter -->
<testsuite hostname="SASI-laptop" failures="0" tests="5" name="tests.LoginTest" time="33.215" errors="0" timestamp="2025-09-08T13:25:45 IST" skipped="0">
  <testcase classname="tests.LoginTest" name="testUserLoginWithValidCredentials" time="6.104"/>
  <testcase classname="tests.LoginTest" name="testUserLoginWithInvalidCredentials" time="6.643"/>
  <testcase classname="tests.LoginTest" name="testUserLogout" time="6.860"/>
  <testcase classname="tests.LoginTest" name="testLoginWithEmptyCredentials" time="4.994"/>
  <testcase classname="tests.LoginTest" name="testLoginWithEmptyPassword" time="8.614"/>
</testsuite> <!-- tests.LoginTest -->
