<?xml version="1.0" encoding="UTF-8"?>
<!-- Generated by org.testng.reporters.JUnitReportReporter -->
<testsuite hostname="SASI-laptop" failures="0" tests="1" name="tests.CartTest" time="12.985" errors="0" timestamp="2025-09-08T16:18:17 IST" skipped="0">
  <testcase classname="tests.CartTest" name="testProceedToCheckoutFromCart" time="12.985"/>
</testsuite> <!-- tests.CartTest -->
