<?xml version="1.0" encoding="UTF-8"?>
<!-- Generated by org.testng.reporters.JUnitReportReporter -->
<testsuite hostname="SASI-laptop" failures="0" tests="5" name="tests.RegisterTest" time="39.405" errors="0" timestamp="2025-09-09T11:13:17 IST" skipped="0">
  <testcase classname="tests.RegisterTest" name="testUserRegistrationWithValidCredentials" time="7.081"/>
  <testcase classname="tests.RegisterTest" name="testUserRegistrationWithExistingEmail" time="10.485"/>
  <testcase classname="tests.RegisterTest" name="testUserRegistrationWithPasswordMismatch" time="5.588"/>
  <testcase classname="tests.RegisterTest" name="testUserRegistrationWithWeakPassword" time="5.336"/>
  <testcase classname="tests.RegisterTest" name="testUserRegistrationWithEmptyFields" time="10.915"/>
</testsuite> <!-- tests.RegisterTest -->
