<?xml version="1.0" encoding="UTF-8"?>
<!-- Generated by org.testng.reporters.JUnitReportReporter -->
<testsuite hostname="SASI-laptop" failures="0" tests="5" name="tests.LoginTest" time="41.134" errors="0" timestamp="2025-09-08T17:08:29 IST" skipped="0">
  <testcase classname="tests.LoginTest" name="testUserLoginWithValidCredentials" time="9.661"/>
  <testcase classname="tests.LoginTest" name="testUserLoginWithInvalidCredentials" time="8.981"/>
  <testcase classname="tests.LoginTest" name="testUserLogout" time="11.512"/>
  <testcase classname="tests.LoginTest" name="testLoginWithEmptyCredentials" time="5.452"/>
  <testcase classname="tests.LoginTest" name="testLoginWithEmptyPassword" time="5.528"/>
</testsuite> <!-- tests.LoginTest -->
