<?xml version="1.0" encoding="UTF-8"?>
<!-- Generated by org.testng.reporters.JUnitReportReporter -->
<testsuite hostname="SASI-laptop" failures="0" tests="5" name="tests.ProductTest" time="63.581" errors="0" timestamp="2025-09-08T17:08:29 IST" skipped="0">
  <testcase classname="tests.ProductTest" name="testViewProductDetails" time="5.651"/>
  <testcase classname="tests.ProductTest" name="testAddConfigurableProductToCart" time="21.768"/>
  <testcase classname="tests.ProductTest" name="testAddSimpleProductToCartFromCategory" time="9.501"/>
  <testcase classname="tests.ProductTest" name="testProductSearchFunctionality" time="13.448"/>
  <testcase classname="tests.ProductTest" name="testProductFilterFunctionality" time="13.213"/>
</testsuite> <!-- tests.ProductTest -->
