<?xml version="1.0" encoding="UTF-8"?>
<!-- Generated by org.testng.reporters.JUnitReportReporter -->
<testsuite hostname="SASI-laptop" failures="0" tests="5" name="tests.LoginTest" time="34.381" errors="0" timestamp="2025-09-08T16:18:17 IST" skipped="0">
  <testcase classname="tests.LoginTest" name="testUserLoginWithValidCredentials" time="8.742"/>
  <testcase classname="tests.LoginTest" name="testUserLoginWithInvalidCredentials" time="6.471"/>
  <testcase classname="tests.LoginTest" name="testUserLogout" time="8.835"/>
  <testcase classname="tests.LoginTest" name="testLoginWithEmptyCredentials" time="4.473"/>
  <testcase classname="tests.LoginTest" name="testLoginWithEmptyPassword" time="5.860"/>
</testsuite> <!-- tests.LoginTest -->
