<?xml version="1.0" encoding="UTF-8"?>
<!-- Generated by org.testng.reporters.JUnitReportReporter -->
<testsuite hostname="SASI-laptop" failures="0" tests="5" name="tests.ProductTest" time="34.787" errors="0" timestamp="2025-09-08T13:25:45 IST" skipped="0">
  <testcase classname="tests.ProductTest" name="testViewProductDetails" time="4.965"/>
  <testcase classname="tests.ProductTest" name="testAddConfigurableProductToCart" time="8.149"/>
  <testcase classname="tests.ProductTest" name="testAddSimpleProductToCartFromCategory" time="5.662"/>
  <testcase classname="tests.ProductTest" name="testProductSearchFunctionality" time="6.690"/>
  <testcase classname="tests.ProductTest" name="testProductFilterFunctionality" time="9.321"/>
</testsuite> <!-- tests.ProductTest -->
