<?xml version="1.0" encoding="UTF-8"?>
<!-- Generated by org.testng.reporters.JUnitReportReporter -->
<testsuite hostname="SASI-laptop" failures="0" tests="3" name="tests.LoginTest" time="24.350" errors="0" timestamp="2025-09-08T04:22:22 IST" skipped="0">
  <testcase classname="tests.LoginTest" name="testUserLoginWithValidCredentials" time="7.619"/>
  <testcase classname="tests.LoginTest" name="testUserLoginWithInvalidCredentials" time="9.199"/>
  <testcase classname="tests.LoginTest" name="testUserLogout" time="7.532"/>
</testsuite> <!-- tests.LoginTest -->
