<?xml version="1.0" encoding="UTF-8"?>
<!-- Generated by org.testng.reporters.JUnitReportReporter -->
<testsuite hostname="SASI-laptop" failures="0" tests="6" name="runner.TestRunner" time="75.918" errors="0" timestamp="2025-09-09T11:42:33 IST" skipped="0">
  <testcase classname="runner.TestRunner" name="runScenario" time="13.058"/>
  <testcase classname="runner.TestRunner" name="runScenario" time="16.761"/>
  <testcase classname="runner.TestRunner" name="runScenario" time="12.870"/>
  <testcase classname="runner.TestRunner" name="runScenario" time="10.097"/>
  <testcase classname="runner.TestRunner" name="runScenario" time="10.666"/>
  <testcase classname="runner.TestRunner" name="runScenario" time="12.466"/>
</testsuite> <!-- runner.TestRunner -->
