<?xml version="1.0" encoding="UTF-8"?>
<!-- Generated by org.testng.reporters.JUnitReportReporter -->
<testsuite hostname="SASI-laptop" failures="0" tests="5" name="tests.RegisterTest" time="45.177" errors="0" timestamp="2025-09-08T16:18:17 IST" skipped="0">
  <testcase classname="tests.RegisterTest" name="testUserRegistrationWithValidCredentials" time="7.303"/>
  <testcase classname="tests.RegisterTest" name="testUserRegistrationWithExistingEmail" time="10.942"/>
  <testcase classname="tests.RegisterTest" name="testUserRegistrationWithPasswordMismatch" time="6.742"/>
  <testcase classname="tests.RegisterTest" name="testUserRegistrationWithWeakPassword" time="15.183"/>
  <testcase classname="tests.RegisterTest" name="testUserRegistrationWithEmptyFields" time="5.007"/>
</testsuite> <!-- tests.RegisterTest -->
