<?xml version="1.0" encoding="UTF-8"?>
<!-- Generated by org.testng.reporters.JUnitReportReporter -->
<testsuite hostname="SASI-laptop" failures="0" tests="5" name="tests.ProductTest" time="36.312" errors="0" timestamp="2025-09-08T16:18:17 IST" skipped="0">
  <testcase classname="tests.ProductTest" name="testViewProductDetails" time="6.488"/>
  <testcase classname="tests.ProductTest" name="testAddConfigurableProductToCart" time="10.061"/>
  <testcase classname="tests.ProductTest" name="testAddSimpleProductToCartFromCategory" time="5.191"/>
  <testcase classname="tests.ProductTest" name="testProductSearchFunctionality" time="8.145"/>
  <testcase classname="tests.ProductTest" name="testProductFilterFunctionality" time="6.427"/>
</testsuite> <!-- tests.ProductTest -->
