<?xml version="1.0" encoding="UTF-8"?>
<!-- Generated by org.testng.reporters.JUnitReportReporter -->
<testsuite hostname="SASI-laptop" failures="0" tests="5" name="tests.RegisterTest" time="40.240" errors="0" timestamp="2025-09-08T13:25:45 IST" skipped="0">
  <testcase classname="tests.RegisterTest" name="testUserRegistrationWithValidCredentials" time="9.126"/>
  <testcase classname="tests.RegisterTest" name="testUserRegistrationWithExistingEmail" time="13.025"/>
  <testcase classname="tests.RegisterTest" name="testUserRegistrationWithPasswordMismatch" time="7.298"/>
  <testcase classname="tests.RegisterTest" name="testUserRegistrationWithWeakPassword" time="5.743"/>
  <testcase classname="tests.RegisterTest" name="testUserRegistrationWithEmptyFields" time="5.048"/>
</testsuite> <!-- tests.RegisterTest -->
